<?xml version="1.0" encoding="UTF-8"?>
<!-- Generated by org.testng.reporters.JUnitXMLReporter -->
<testsuite ignored="0" hostname="DESKTOP-SIRT25H" failures="2" tests="2" name="Default test" time="1.835" errors="0" timestamp="2024-10-27T16:09:48 IST">
  <testcase classname="cucumber.api.testng.AbstractTestNGCucumberTests" name="runScenario" time="0.331">
    <failure type="java.io.FileNotFoundException" message=".\PropertyFiles\Environment.properties (The system cannot find the file specified)">
      <![CDATA[java.io.FileNotFoundException: .\PropertyFiles\Environment.properties (The system cannot find the file specified)
at java.base/java.io.FileInputStream.open0(Native Method)
at java.base/java.io.FileInputStream.open(FileInputStream.java:213)
at java.base/java.io.FileInputStream.<init>(FileInputStream.java:152)
at java.base/java.io.FileInputStream.<init>(FileInputStream.java:106)
at commonFunctions.FunctionLibrary.startBrowser(FunctionLibrary.java:32)
at stepDefination.ERPSteps.launch_browser_as(ERPSteps.java:14)
at ✽.Launch browser as(file:FeatureFiles/Suppiler.feature:7)
]]>
    </failure>
  </testcase> <!-- runScenario -->
  <testcase classname="cucumber.api.testng.AbstractTestNGCucumberTests" name="runScenario" time="0.014">
    <failure type="java.io.FileNotFoundException" message=".\PropertyFiles\Environment.properties (The system cannot find the file specified)">
      <![CDATA[java.io.FileNotFoundException: .\PropertyFiles\Environment.properties (The system cannot find the file specified)
at java.base/java.io.FileInputStream.open0(Native Method)
at java.base/java.io.FileInputStream.open(FileInputStream.java:213)
at java.base/java.io.FileInputStream.<init>(FileInputStream.java:152)
at java.base/java.io.FileInputStream.<init>(FileInputStream.java:106)
at commonFunctions.FunctionLibrary.startBrowser(FunctionLibrary.java:32)
at stepDefination.ERPSteps.launch_browser_as(ERPSteps.java:14)
at ✽.Launch browser as(file:FeatureFiles/Suppiler.feature:7)
]]>
    </failure>
  </testcase> <!-- runScenario -->
</testsuite> <!-- Default test -->
